迷你音乐错误记录：
错误时间：
2016/8/14 17:06:05
System.NullReferenceException: 未将对象引用设置到对象的实例。
   在 MusicPlayer.MyLayeredSkin.MusicList.FindItemByName(String a, String listname) 位置 E:\主数据库\编程\方案\MiniMusicXp\MusicPlayer\MyLayeredSkin\MusicList.cs:行号 982
   在 MusicPlayer.FormMain.openfile(String file, String listname) 位置 E:\主数据库\编程\方案\MiniMusicXp\MusicPlayer\FormMain.cs:行号 2685
   在 MusicPlayer.FormMain.Btn_openfile_MouseClick(Object sender, DuiMouseEventArgs e) 位置 E:\主数据库\编程\方案\MiniMusicXp\MusicPlayer\FormMain.cs:行号 2104
   在 LayeredSkin.DirectUI.DuiBaseControl.OnMouseClick(MouseEventArgs e)
   在 LayeredSkin.DirectUI.DuiBaseControl.RY15sPdKyGPHhUfh23G(Object , Object )
   在 LayeredSkin.DirectUI.DuiBaseControl.OnMouseClick(MouseEventArgs e)
   在 LayeredSkin.Controls.LayeredPanel.OdXBipNcq9gr4bdVVS3(Object , Object )
   在 LayeredSkin.Controls.LayeredPanel.OnMouseClick(MouseEventArgs e)
   在 System.Windows.Forms.Control.WmMouseUp(Message& m, MouseButtons button, Int32 clicks)
   在 System.Windows.Forms.Control.WndProc(Message& m)
   在 System.Windows.Forms.ScrollableControl.WndProc(Message& m)
   在 System.Windows.Forms.Control.ControlNativeWindow.OnMessage(Message& m)
   在 System.Windows.Forms.Control.ControlNativeWindow.WndProc(Message& m)
   在 System.Windows.Forms.NativeWindow.DebuggableCallback(IntPtr hWnd, Int32 msg, IntPtr wparam, IntPtr lparam)
   在 System.Windows.Forms.UnsafeNativeMethods.DispatchMessageW(MSG& msg)
   在 System.Windows.Forms.Application.ComponentManager.System.Windows.Forms.UnsafeNativeMethods.IMsoComponentManager.FPushMessageLoop(Int32 dwComponentID, Int32 reason, Int32 pvLoopData)
   在 System.Windows.Forms.Application.ThreadContext.RunMessageLoopInner(Int32 reason, ApplicationContext context)
   在 System.Windows.Forms.Application.ThreadContext.RunMessageLoop(Int32 reason, ApplicationContext context)
   在 System.Windows.Forms.Application.Run(Form mainForm)
   在 MusicPlayer.Program.Main(String[] agrs) 位置 E:\主数据库\编程\方案\MiniMusicXp\MusicPlayer\Program.cs:行号 263
